[0.096s] DEBUG:colcon:Command line arguments: ['/usr/bin/colcon', 'list', '-p', '--base-paths', '/home/tea/Project_AWO/AWO']
[0.096s] DEBUG:colcon:Parsed command line arguments: Namespace(log_base=None, log_level=None, verb_name='list', build_base='build', ignore_user_meta=False, metas=['./colcon.meta'], base_paths=['/home/tea/Project_AWO/AWO'], packages_ignore=None, packages_ignore_regex=None, paths=None, packages_up_to=None, packages_up_to_regex=None, packages_above=None, packages_above_and_dependencies=None, packages_above_depth=None, packages_select_by_dep=None, packages_skip_by_dep=None, packages_skip_up_to=None, packages_select_build_failed=False, packages_skip_build_finished=False, packages_select_test_failures=False, packages_skip_test_passed=False, packages_select=None, packages_skip=None, packages_select_regex=None, packages_skip_regex=None, packages_start=None, packages_end=None, allow_overriding=[], topological_order=False, names_only=False, paths_only=True, topological_graph=False, topological_graph_dot=False, topological_graph_density=False, topological_graph_legend=False, topological_graph_dot_cluster=False, topological_graph_dot_include_skipped=False, mixin_files=None, mixin=None, verb_parser=<colcon_mixin.mixin.mixin_argument.MixinArgumentDecorator object at 0x7dac168791b0>, verb_extension=<colcon_package_information.verb.list.ListVerb object at 0x7dac16878130>, main=<bound method ListVerb.main of <colcon_package_information.verb.list.ListVerb object at 0x7dac16878130>>, mixin_verb=('list',))
[0.269s] Level 1:colcon.colcon_core.package_discovery:discover_packages(colcon_meta) check parameters
[0.269s] Level 1:colcon.colcon_core.package_discovery:discover_packages(recursive) check parameters
[0.269s] Level 1:colcon.colcon_core.package_discovery:discover_packages(ignore) check parameters
[0.269s] Level 1:colcon.colcon_core.package_discovery:discover_packages(path) check parameters
[0.269s] Level 1:colcon.colcon_core.package_discovery:discover_packages(recursive) discover
[0.269s] INFO:colcon.colcon_core.package_discovery:Crawling recursively for packages in '/home/tea/Project_AWO/AWO'
[0.269s] Level 1:colcon.colcon_core.package_identification:_identify(/home/tea/Project_AWO/AWO) by extensions ['ignore', 'ignore_ament_install']
[0.270s] Level 1:colcon.colcon_core.package_identification:_identify(/home/tea/Project_AWO/AWO) by extension 'ignore'
[0.270s] Level 1:colcon.colcon_core.package_identification:_identify(/home/tea/Project_AWO/AWO) by extension 'ignore_ament_install'
[0.270s] Level 1:colcon.colcon_core.package_identification:_identify(/home/tea/Project_AWO/AWO) by extensions ['colcon_pkg']
[0.270s] Level 1:colcon.colcon_core.package_identification:_identify(/home/tea/Project_AWO/AWO) by extension 'colcon_pkg'
[0.270s] Level 1:colcon.colcon_core.package_identification:_identify(/home/tea/Project_AWO/AWO) by extensions ['colcon_meta']
[0.270s] Level 1:colcon.colcon_core.package_identification:_identify(/home/tea/Project_AWO/AWO) by extension 'colcon_meta'
[0.270s] Level 1:colcon.colcon_core.package_identification:_identify(/home/tea/Project_AWO/AWO) by extensions ['ros']
[0.270s] Level 1:colcon.colcon_core.package_identification:_identify(/home/tea/Project_AWO/AWO) by extension 'ros'
[0.279s] Level 1:colcon.colcon_core.package_identification:_identify(/home/tea/Project_AWO/AWO) by extensions ['cmake', 'python']
[0.279s] Level 1:colcon.colcon_core.package_identification:_identify(/home/tea/Project_AWO/AWO) by extension 'cmake'
[0.279s] Level 1:colcon.colcon_core.package_identification:_identify(/home/tea/Project_AWO/AWO) by extension 'python'
[0.279s] Level 1:colcon.colcon_core.package_identification:_identify(/home/tea/Project_AWO/AWO) by extensions ['python_setup_py']
[0.279s] Level 1:colcon.colcon_core.package_identification:_identify(/home/tea/Project_AWO/AWO) by extension 'python_setup_py'
[0.279s] Level 1:colcon.colcon_core.package_identification:_identify(/home/tea/Project_AWO/AWO/log) by extensions ['ignore', 'ignore_ament_install']
[0.279s] Level 1:colcon.colcon_core.package_identification:_identify(/home/tea/Project_AWO/AWO/log) by extension 'ignore'
[0.279s] Level 1:colcon.colcon_core.package_identification:_identify(/home/tea/Project_AWO/AWO/log) ignored
[0.279s] Level 1:colcon.colcon_core.package_identification:_identify(/home/tea/Project_AWO/AWO/src) by extensions ['ignore', 'ignore_ament_install']
[0.279s] Level 1:colcon.colcon_core.package_identification:_identify(/home/tea/Project_AWO/AWO/src) by extension 'ignore'
[0.279s] Level 1:colcon.colcon_core.package_identification:_identify(/home/tea/Project_AWO/AWO/src) by extension 'ignore_ament_install'
[0.279s] Level 1:colcon.colcon_core.package_identification:_identify(/home/tea/Project_AWO/AWO/src) by extensions ['colcon_pkg']
[0.279s] Level 1:colcon.colcon_core.package_identification:_identify(/home/tea/Project_AWO/AWO/src) by extension 'colcon_pkg'
[0.280s] Level 1:colcon.colcon_core.package_identification:_identify(/home/tea/Project_AWO/AWO/src) by extensions ['colcon_meta']
[0.280s] Level 1:colcon.colcon_core.package_identification:_identify(/home/tea/Project_AWO/AWO/src) by extension 'colcon_meta'
[0.280s] Level 1:colcon.colcon_core.package_identification:_identify(/home/tea/Project_AWO/AWO/src) by extensions ['ros']
[0.280s] Level 1:colcon.colcon_core.package_identification:_identify(/home/tea/Project_AWO/AWO/src) by extension 'ros'
[0.280s] Level 1:colcon.colcon_core.package_identification:_identify(/home/tea/Project_AWO/AWO/src) by extensions ['cmake', 'python']
[0.280s] Level 1:colcon.colcon_core.package_identification:_identify(/home/tea/Project_AWO/AWO/src) by extension 'cmake'
[0.280s] Level 1:colcon.colcon_core.package_identification:_identify(/home/tea/Project_AWO/AWO/src) by extension 'python'
[0.280s] Level 1:colcon.colcon_core.package_identification:_identify(/home/tea/Project_AWO/AWO/src) by extensions ['python_setup_py']
[0.280s] Level 1:colcon.colcon_core.package_identification:_identify(/home/tea/Project_AWO/AWO/src) by extension 'python_setup_py'
[0.280s] Level 1:colcon.colcon_core.package_identification:_identify(/home/tea/Project_AWO/AWO/src/awo_control) by extensions ['ignore', 'ignore_ament_install']
[0.280s] Level 1:colcon.colcon_core.package_identification:_identify(/home/tea/Project_AWO/AWO/src/awo_control) by extension 'ignore'
[0.280s] Level 1:colcon.colcon_core.package_identification:_identify(/home/tea/Project_AWO/AWO/src/awo_control) by extension 'ignore_ament_install'
[0.280s] Level 1:colcon.colcon_core.package_identification:_identify(/home/tea/Project_AWO/AWO/src/awo_control) by extensions ['colcon_pkg']
[0.280s] Level 1:colcon.colcon_core.package_identification:_identify(/home/tea/Project_AWO/AWO/src/awo_control) by extension 'colcon_pkg'
[0.280s] Level 1:colcon.colcon_core.package_identification:_identify(/home/tea/Project_AWO/AWO/src/awo_control) by extensions ['colcon_meta']
[0.280s] Level 1:colcon.colcon_core.package_identification:_identify(/home/tea/Project_AWO/AWO/src/awo_control) by extension 'colcon_meta'
[0.280s] Level 1:colcon.colcon_core.package_identification:_identify(/home/tea/Project_AWO/AWO/src/awo_control) by extensions ['ros']
[0.280s] Level 1:colcon.colcon_core.package_identification:_identify(/home/tea/Project_AWO/AWO/src/awo_control) by extension 'ros'
[0.283s] DEBUG:colcon.colcon_core.package_identification:Package '/home/tea/Project_AWO/AWO/src/awo_control' with type 'ros.ament_cmake' and name 'awo_control'
[0.283s] Level 1:colcon.colcon_core.package_identification:_identify(/home/tea/Project_AWO/AWO/src/ldlidar_sl_ros2) by extensions ['ignore', 'ignore_ament_install']
[0.283s] Level 1:colcon.colcon_core.package_identification:_identify(/home/tea/Project_AWO/AWO/src/ldlidar_sl_ros2) by extension 'ignore'
[0.283s] Level 1:colcon.colcon_core.package_identification:_identify(/home/tea/Project_AWO/AWO/src/ldlidar_sl_ros2) by extension 'ignore_ament_install'
[0.283s] Level 1:colcon.colcon_core.package_identification:_identify(/home/tea/Project_AWO/AWO/src/ldlidar_sl_ros2) by extensions ['colcon_pkg']
[0.283s] Level 1:colcon.colcon_core.package_identification:_identify(/home/tea/Project_AWO/AWO/src/ldlidar_sl_ros2) by extension 'colcon_pkg'
[0.284s] Level 1:colcon.colcon_core.package_identification:_identify(/home/tea/Project_AWO/AWO/src/ldlidar_sl_ros2) by extensions ['colcon_meta']
[0.284s] Level 1:colcon.colcon_core.package_identification:_identify(/home/tea/Project_AWO/AWO/src/ldlidar_sl_ros2) by extension 'colcon_meta'
[0.284s] Level 1:colcon.colcon_core.package_identification:_identify(/home/tea/Project_AWO/AWO/src/ldlidar_sl_ros2) by extensions ['ros']
[0.284s] Level 1:colcon.colcon_core.package_identification:_identify(/home/tea/Project_AWO/AWO/src/ldlidar_sl_ros2) by extension 'ros'
[0.284s] DEBUG:colcon.colcon_core.package_identification:Package '/home/tea/Project_AWO/AWO/src/ldlidar_sl_ros2' with type 'ros.ament_cmake' and name 'ldlidar_sl_ros2'
[0.284s] Level 1:colcon.colcon_core.package_discovery:discover_packages(recursive) using defaults
